[15:27:51][+00:00:00][-07:00:00][INFO] Cargando certificado...
[15:27:51][+00:00:00][-07:00:00][INFO] ✓ Certificado: Alejandro Antonio Fernandez Varas
[15:27:51][+00:00:00][-07:00:00][INFO]   Válido hasta: 2026-05-08
[15:27:51][+00:00:00][-07:00:00][INFO] Cargando CAF...
[15:27:51][+00:00:00][-07:00:00][INFO] ✓ CAF: Folios 1889 - 1988
[15:27:51][+00:00:00][-07:00:00][INFO] 
──────────────────────────────────────────────────
[15:27:51][+00:00:00][-07:00:00][INFO] INTENTO #1 - Folio: 1889
[15:27:51][+00:00:00][-07:00:00][INFO] ──────────────────────────────────────────────────
[15:27:52][+00:00:01][-06:59:59][INFO] PASO 1: Obteniendo semilla...
[15:27:52][+00:00:01][-06:59:59][INFO] ✓ Semilla: 152336704050
[15:27:52][+00:00:01][-06:59:59][INFO] PASO 2: Obteniendo token...
[15:27:53][+00:00:02][-06:59:58][INFO] ✓ Token: KIM8PG9ZJIBHC
[15:27:53][+00:00:02][-06:59:58][INFO] PASO 3: Enviando boleta (folio: 1889)...
[15:27:53][+00:00:02][-06:59:58][INFO]   POST https://pangal.sii.cl/recursos/v1/boleta.electronica.envio
[15:27:53][+00:00:02][-06:59:58][INFO]   HTTP: 400
[15:27:53][+00:00:02][-06:59:58][INFO]   Response: Body sin 'Boundary'

[15:27:53][+00:00:02][-06:59:58][ERROR] ✗ No se obtuvo trackID
[15:28:23][+00:00:32][-06:59:28][INFO] 
──────────────────────────────────────────────────
[15:28:23][+00:00:32][-06:59:28][INFO] INTENTO #2 - Folio: 1890
[15:28:23][+00:00:32][-06:59:28][INFO] ──────────────────────────────────────────────────
[15:28:23][+00:00:32][-06:59:28][INFO] PASO 1: Obteniendo semilla...
[15:28:24][+00:00:33][-06:59:27][INFO] ✓ Semilla: 152336726206
[15:28:24][+00:00:33][-06:59:27][INFO] PASO 2: Obteniendo token...
[15:28:25][+00:00:34][-06:59:26][INFO] ✓ Token: LU1F0T8CAEQV5
[15:28:25][+00:00:34][-06:59:26][INFO] PASO 3: Enviando boleta (folio: 1890)...
[15:28:25][+00:00:34][-06:59:26][INFO]   POST https://pangal.sii.cl/recursos/v1/boleta.electronica.envio
[15:28:25][+00:00:34][-06:59:26][INFO]   HTTP: 400
[15:28:25][+00:00:34][-06:59:26][INFO]   Response: Body sin 'Boundary'

[15:28:25][+00:00:34][-06:59:26][ERROR] ✗ No se obtuvo trackID
[15:28:55][+00:01:04][-06:58:56][INFO] 
──────────────────────────────────────────────────
[15:28:55][+00:01:04][-06:58:56][INFO] INTENTO #3 - Folio: 1891
[15:28:55][+00:01:04][-06:58:56][INFO] ──────────────────────────────────────────────────
[15:28:55][+00:01:04][-06:58:56][INFO] PASO 1: Obteniendo semilla...
[15:28:56][+00:01:05][-06:58:55][INFO] ✓ Semilla: 152336747336
[15:28:56][+00:01:05][-06:58:55][INFO] PASO 2: Obteniendo token...
[15:28:56][+00:01:05][-06:58:55][INFO] ✓ Token: 13PKKFS7YH4M8
[15:28:56][+00:01:05][-06:58:55][INFO] PASO 3: Enviando boleta (folio: 1891)...
[15:28:56][+00:01:05][-06:58:55][INFO]   POST https://pangal.sii.cl/recursos/v1/boleta.electronica.envio
[15:28:57][+00:01:06][-06:58:54][INFO]   HTTP: 400
[15:28:57][+00:01:06][-06:58:54][INFO]   Response: Body sin 'Boundary'

[15:28:57][+00:01:06][-06:58:54][ERROR] ✗ No se obtuvo trackID
[15:29:27][+00:01:36][-06:58:24][INFO] 
──────────────────────────────────────────────────
[15:29:27][+00:01:36][-06:58:24][INFO] INTENTO #4 - Folio: 1892
[15:29:27][+00:01:36][-06:58:24][INFO] ──────────────────────────────────────────────────
[15:29:27][+00:01:36][-06:58:24][INFO] PASO 1: Obteniendo semilla...
[15:29:27][+00:01:36][-06:58:24][INFO] ✓ Semilla: 152336769714
[15:29:27][+00:01:36][-06:58:24][INFO] PASO 2: Obteniendo token...
[15:29:28][+00:01:37][-06:58:23][INFO] ✓ Token: G6ZTNKYM5S6MP
[15:29:28][+00:01:37][-06:58:23][INFO] PASO 3: Enviando boleta (folio: 1892)...
[15:29:28][+00:01:37][-06:58:23][INFO]   POST https://pangal.sii.cl/recursos/v1/boleta.electronica.envio
[15:29:29][+00:01:38][-06:58:22][INFO]   HTTP: 400
[15:29:29][+00:01:38][-06:58:22][INFO]   Response: Body sin 'Boundary'

[15:29:29][+00:01:38][-06:58:22][ERROR] ✗ No se obtuvo trackID
[15:29:59][+00:02:08][-06:57:52][INFO] 
──────────────────────────────────────────────────
[15:29:59][+00:02:08][-06:57:52][INFO] INTENTO #5 - Folio: 1893
[15:29:59][+00:02:08][-06:57:52][INFO] ──────────────────────────────────────────────────
[15:29:59][+00:02:08][-06:57:52][INFO] PASO 1: Obteniendo semilla...
[15:29:59][+00:02:08][-06:57:52][INFO] ✓ Semilla: 152336789352
[15:29:59][+00:02:08][-06:57:52][INFO] PASO 2: Obteniendo token...
[15:30:00][+00:02:09][-06:57:51][INFO] ✓ Token: SGDPX37ZUI1LH
